<?xml version="1.0" encoding="utf-8"?><testsuites name="pytest tests"><testsuite name="pytest" errors="0" failures="0" skipped="1" tests="50" time="183.004" timestamp="2025-08-24T02:42:48.369858+02:00" hostname="AI-MONSTER"><testcase classname="tests.test_fastmcp_cli" name="test_fastmcp_cli_available" time="0.705" /><testcase classname="tests.test_fastmcp_cli" name="test_mcp_server_startup" time="0.927" /><testcase classname="tests.test_fastmcp_cli" name="test_project_structure" time="0.000" /><testcase classname="tests.test_fastmcp_cli" name="test_dependencies" time="0.003" /><testcase classname="tests.test_fastmcp_client" name="test_mcp_server_availability" time="0.000" /><testcase classname="tests.test_fastmcp_direct" name="test_document_processing" time="89.631" /><testcase classname="tests.test_fastmcp_server" name="test_fastmcp_server" time="62.679" /><testcase classname="tests.test_mcp_client" name="test_mcp_library_availability" time="0.000" /><testcase classname="tests.test_mcp_client_backup" name="test_mcp_connection" time="0.002" /><testcase classname="tests.test_mcp_client_backup" name="test_document_processing" time="0.001"><skipped type="pytest.skip" message="MCP verbinding mislukt">C:\py_cursor-rules\cursor_ratsenbergertest\tests\test_mcp_client_backup.py:68: MCP verbinding mislukt</skipped></testcase><testcase classname="tests.test_monitoring.TestProcessingMetrics" name="test_initial_state" time="0.001" /><testcase classname="tests.test_monitoring.TestProcessingMetrics" name="test_record_success_cv" time="0.000" /><testcase classname="tests.test_monitoring.TestProcessingMetrics" name="test_record_success_invoice" time="0.000" /><testcase classname="tests.test_monitoring.TestProcessingMetrics" name="test_record_failure" time="0.000" /><testcase classname="tests.test_monitoring.TestProcessingMetrics" name="test_success_rate_calculation" time="0.000" /><testcase classname="tests.test_monitoring.TestProcessingMetrics" name="test_percentile_calculation" time="0.000" /><testcase classname="tests.test_monitoring.TestOllamaMetrics" name="test_initial_state" time="0.000" /><testcase classname="tests.test_monitoring.TestOllamaMetrics" name="test_record_successful_request" time="0.000" /><testcase classname="tests.test_monitoring.TestOllamaMetrics" name="test_record_failed_request" time="0.000" /><testcase classname="tests.test_monitoring.TestOllamaMetrics" name="test_success_rate_calculation" time="0.001" /><testcase classname="tests.test_monitoring.TestSystemMetrics" name="test_initial_state" time="0.000" /><testcase classname="tests.test_monitoring.TestSystemMetrics" name="test_uptime_update" time="0.002" /><testcase classname="tests.test_monitoring.TestSystemMetrics" name="test_formatted_uptime" time="0.000" /><testcase classname="tests.test_monitoring.TestMetricsCollector" name="test_initialization" time="0.000" /><testcase classname="tests.test_monitoring.TestMetricsCollector" name="test_timer_functionality" time="0.101" /><testcase classname="tests.test_monitoring.TestMetricsCollector" name="test_document_processing_recording" time="0.000" /><testcase classname="tests.test_monitoring.TestMetricsCollector" name="test_ollama_request_recording" time="0.000" /><testcase classname="tests.test_monitoring.TestMetricsCollector" name="test_comprehensive_metrics" time="0.000" /><testcase classname="tests.test_monitoring.TestMetricsCollector" name="test_metrics_export_json" time="0.000" /><testcase classname="tests.test_monitoring.TestMetricsCollector" name="test_metrics_export_prometheus" time="0.000" /><testcase classname="tests.test_monitoring.TestMetricsCollector" name="test_invalid_export_format" time="0.000" /><testcase classname="tests.test_monitoring.TestMetricsIntegration" name="test_metrics_collector_singleton" time="0.000" /><testcase classname="tests.test_monitoring.TestMetricsIntegration" name="test_metrics_persistence" time="0.000" /><testcase classname="tests.test_ollama_integration.TestOllamaRealIntegration" name="test_ollama_connection" time="0.031" /><testcase classname="tests.test_ollama_integration.TestOllamaRealIntegration" name="test_ollama_model_response" time="1.196" /><testcase classname="tests.test_ollama_integration.TestOllamaRealIntegration" name="test_mcp_server_with_ollama" time="26.405" /><testcase classname="tests.test_ollama_integration.TestOllamaRealIntegration" name="test_ollama_model_availability" time="0.016" /><testcase classname="tests.test_ollama_integration.TestOllamaPerformance" name="test_ollama_response_time" time="0.700" /><testcase classname="tests.test_pipeline.TestDocumentClassification" name="test_cv_classification" time="0.000" /><testcase classname="tests.test_pipeline.TestDocumentClassification" name="test_invoice_classification" time="0.000" /><testcase classname="tests.test_pipeline.TestTextExtraction" name="test_text_extraction_success" time="0.002" /><testcase classname="tests.test_pipeline.TestChunking" name="test_recursive_chunking" time="0.001" /><testcase classname="tests.test_pipeline.TestMerging" name="test_merge_partial_cv_data" time="0.000" /><testcase classname="tests.test_pipeline.TestMerging" name="test_merge_partial_invoice_data" time="0.000" /><testcase classname="tests.test_pipeline.TestPipeline" name="test_process_pdf_document_success" time="0.002" /><testcase classname="tests.test_pipeline.TestPipeline" name="test_process_pdf_document_extraction_error" time="0.002" /><testcase classname="tests.test_pipeline.TestPipeline" name="test_process_pdf_document_invoice_success" time="0.018" /><testcase classname="tests.test_pipeline.TestOllamaIntegration" name="test_extract_structured_data_success" time="0.003" /><testcase classname="tests.test_pipeline.TestOllamaIntegration" name="test_extract_structured_data_validation_error" time="0.003" /><testcase classname="tests.test_pipeline.TestOllamaIntegration" name="test_extract_structured_data_invoice_success" time="0.003" /></testsuite></testsuites>